Start testing: May 22 22:43 JST
----------------------------------------------------------
1/8 Testing: test_black_scholes
1/8 Test: test_black_scholes
Command: "/Users/naoki/dev/lab/pro1/i-2/build-ci/tests/test_black_scholes"
Directory: /Users/naoki/dev/lab/pro1/i-2/build-ci/tests
"test_black_scholes" start time: May 22 22:43 JST
Output:
----------------------------------------------------------
  ok   call value                   10.45058357
  ok   put value                    5.573526022
  ok   put-call parity              4.87705755
  ok   deep ITM call                104.8777242
  ok   deep OTM call ~ 0
[black_scholes] all passed
<end of output>
Test time =   0.33 sec
----------------------------------------------------------
Test Passed.
"test_black_scholes" end time: May 22 22:43 JST
"test_black_scholes" time elapsed: 00:00:00
----------------------------------------------------------

2/8 Testing: test_greeks
2/8 Test: test_greeks
Command: "/Users/naoki/dev/lab/pro1/i-2/build-ci/tests/test_greeks"
Directory: /Users/naoki/dev/lab/pro1/i-2/build-ci/tests
"test_greeks" start time: May 22 22:43 JST
Output:
----------------------------------------------------------
  ok   call delta                   0.6368306512
  ok   call gamma                   0.01876201735
  ok   call vega                    37.52403469
  ok   call theta                   -6.414027546
  ok   call rho                     53.23248155
  ok   put delta                    -0.3631693488
  ok   put gamma                    0.01876201735
  ok   put vega                     37.52403469
  ok   put theta                    -1.657880424
  ok   put rho                      -41.8904609
[greeks] all passed
<end of output>
Test time =   0.31 sec
----------------------------------------------------------
Test Passed.
"test_greeks" end time: May 22 22:43 JST
"test_greeks" time elapsed: 00:00:00
----------------------------------------------------------

3/8 Testing: test_monte_carlo
3/8 Test: test_monte_carlo
Command: "/Users/naoki/dev/lab/pro1/i-2/build-ci/tests/test_monte_carlo"
Directory: /Users/naoki/dev/lab/pro1/i-2/build-ci/tests
"test_monte_carlo" start time: May 22 22:43 JST
Output:
----------------------------------------------------------
  ok   MC call vs BS                10.44781521
  ok   MC put vs BS                 5.577495091
  ok   seeded result is reproducible
[monte_carlo] all passed
<end of output>
Test time =   0.47 sec
----------------------------------------------------------
Test Passed.
"test_monte_carlo" end time: May 22 22:43 JST
"test_monte_carlo" time elapsed: 00:00:00
----------------------------------------------------------

4/8 Testing: test_parallel
4/8 Test: test_parallel
Command: "/Users/naoki/dev/lab/pro1/i-2/build-ci/tests/test_parallel"
Directory: /Users/naoki/dev/lab/pro1/i-2/build-ci/tests
"test_parallel" start time: May 22 22:43 JST
Output:
----------------------------------------------------------
  ok   deterministic: 1 vs 4 threads
  ok   deterministic: 1 vs 8 threads
  ok   parallel price vs BS         10.44782057
[parallel] all passed
<end of output>
Test time =   0.86 sec
----------------------------------------------------------
Test Passed.
"test_parallel" end time: May 22 22:43 JST
"test_parallel" time elapsed: 00:00:00
----------------------------------------------------------

5/8 Testing: test_variance_reduction
5/8 Test: test_variance_reduction
Command: "/Users/naoki/dev/lab/pro1/i-2/build-ci/tests/test_variance_reduction"
Directory: /Users/naoki/dev/lab/pro1/i-2/build-ci/tests
"test_variance_reduction" start time: May 22 22:43 JST
Output:
----------------------------------------------------------
  ok   antithetic vs BS             10.44459962
  ok   control variate vs BS        10.44657033
  ok   QMC vs BS                    10.45029857
  ok   inv_norm_cdf(0.5)            0
  ok   inv_norm_cdf(0.975)          1.959963986
[variance_reduction] all passed
<end of output>
Test time =   0.60 sec
----------------------------------------------------------
Test Passed.
"test_variance_reduction" end time: May 22 22:43 JST
"test_variance_reduction" time elapsed: 00:00:00
----------------------------------------------------------

6/8 Testing: test_implied_vol
6/8 Test: test_implied_vol
Command: "/Users/naoki/dev/lab/pro1/i-2/build-ci/tests/test_implied_vol"
Directory: /Users/naoki/dev/lab/pro1/i-2/build-ci/tests
"test_implied_vol" start time: May 22 22:43 JST
Output:
----------------------------------------------------------
  ok   iv K=80 sig=0.10             0.1000000001
  ok   iv K=80 sig=0.20             0.2
  ok   iv K=80 sig=0.40             0.4
  ok   iv K=100 sig=0.10            0.1000000001
  ok   iv K=100 sig=0.20            0.2
  ok   iv K=100 sig=0.40            0.4
  ok   iv K=120 sig=0.10            0.1
  ok   iv K=120 sig=0.20            0.2
  ok   iv K=120 sig=0.40            0.4000000001
  ok   iv put                       0.25
[implied_vol] all passed
<end of output>
Test time =   2.41 sec
----------------------------------------------------------
Test Passed.
"test_implied_vol" end time: May 22 22:43 JST
"test_implied_vol" time elapsed: 00:00:02
----------------------------------------------------------

7/8 Testing: test_greeks_mc
7/8 Test: test_greeks_mc
Command: "/Users/naoki/dev/lab/pro1/i-2/build-ci/tests/test_greeks_mc"
Directory: /Users/naoki/dev/lab/pro1/i-2/build-ci/tests
"test_greeks_mc" start time: May 22 22:43 JST
Output:
----------------------------------------------------------
  ok   delta (bump+CRN)             0.6369056656
  ok   vega (bump+CRN)              37.56631881
  ok   delta (pathwise)             0.6369055178
[greeks_mc] all passed
<end of output>
Test time =   1.40 sec
----------------------------------------------------------
Test Passed.
"test_greeks_mc" end time: May 22 22:43 JST
"test_greeks_mc" time elapsed: 00:00:01
----------------------------------------------------------

8/8 Testing: test_risk
8/8 Test: test_risk
Command: "/Users/naoki/dev/lab/pro1/i-2/build-ci/tests/test_risk"
Directory: /Users/naoki/dev/lab/pro1/i-2/build-ci/tests
"test_risk" start time: May 22 22:43 JST
Output:
----------------------------------------------------------
  ok   VaR 99% vs normal            2.325987766
  ok   ES 99% vs normal             2.666102897
  ok   ES >= VaR
[risk] all passed
<end of output>
Test time =   0.23 sec
----------------------------------------------------------
Test Passed.
"test_risk" end time: May 22 22:43 JST
"test_risk" time elapsed: 00:00:00
----------------------------------------------------------

End testing: May 22 22:43 JST
